[2025-07-09T22:48:33.257] [DEBUG] debug-file - env: nodejsVersion=v18.20.1
[2025-07-09T22:48:34.431] [DEBUG] debug-file - Hvigor init with startParameters:{
  hvigorfileTypeCheck: false,
  parallelExecution: true,
  incrementalExecution: true,
  printStackTrace: false,
  daemon: false,
  analyze: 0,
  logLevel: Level { level: 20000, levelStr: 'INFO', colour: 'green' }
}
[2025-07-09T22:48:34.480] [DEBUG] debug-file - hvigorfile, resolving E:\Code\practice\Harmony\QuickStart-master\QuickStart-master\06_LayerArchitectureDesign\QS06_StartPoint\hvigorfile.ts
[2025-07-09T22:48:39.066] [DEBUG] debug-file - hvigorfile, require result:  { default: { system: [Function: appTasks], plugins: [] } }
[2025-07-09T22:48:39.406] [DEBUG] debug-file - Start initialize project's product build option map with build mode debug.
[2025-07-09T22:48:39.455] [DEBUG] debug-file - Local scan or download hmscore sdk components toolchains,ets,native
[2025-07-09T22:48:39.446] [DEBUG] debug-file - Local scan or download HarmonyOS sdk components toolchains,ets,js,native,previewer
[2025-07-09T22:48:39.419] [DEBUG] debug-file - Product 'default' using build option: {
  "debuggable": true
} in this build.
[2025-07-09T22:48:39.481] [DEBUG] debug-file - Start recording SDK configuration permission data.
[2025-07-09T22:48:39.536] [DEBUG] debug-file - Sdk init in 99 ms 
[2025-07-09T22:48:39.608] [DEBUG] debug-file - Project task initialization takes 68 ms 
[2025-07-09T22:48:39.632] [DEBUG] debug-file - hvigorfile, resolving E:\Code\practice\Harmony\QuickStart-master\QuickStart-master\06_LayerArchitectureDesign\QS06_StartPoint\entry\hvigorfile.ts
[2025-07-09T22:48:39.677] [DEBUG] debug-file - Start initialize module-target build option map, moduleName=entry, buildMode=debug
[2025-07-09T22:48:39.698] [DEBUG] debug-file - Module entry task initialization takes 11 ms 
[2025-07-09T22:48:39.706] [DEBUG] debug-file - project has submodules:entry
[2025-07-09T22:48:39.746] [DEBUG] debug-file - Configuration task cost before running: 5 s 360 ms 
[2025-07-09T22:48:39.754] [DEBUG] debug-file - Executing task :entry:clean
[2025-07-09T22:48:39.762] [DEBUG] debug-file - entry : clean cost memory 0.5115432739257812
[2025-07-09T22:48:33.261] [DEBUG] debug-file - env: hvigor-config.json5 content = {
  modelVersion: '5.0.5',
  dependencies: {},
  execution: {},
  logging: {},
  debugging: {},
  nodeOptions: {}
}
[2025-07-09T22:48:39.805] [DEBUG] debug-file - Module 'entry' target 'default' using build option: {
  "debuggable": true,
  "copyFrom": "default",
  "name": "debug"
} in this build.
[2025-07-09T22:48:34.434] [DEBUG] debug-file - Since current hvigor version 5.18.4 differs from last hvigor version 
      undefined, delete file-cache.json and task-cache.json.
[2025-07-09T22:48:39.844] [DEBUG] debug-file - Create  resident worker with id: 0.
[2025-07-09T22:48:39.067] [DEBUG] debug-file - hvigorfile, binding system plugins [Function: appTasks]
[2025-07-09T22:48:39.407] [DEBUG] debug-file - Picking option from product 'default' with build mode 'debug'.
[2025-07-09T22:48:39.420] [DEBUG] debug-file - not found resModel json file in : E:\Code\practice\Harmony\QuickStart-master\QuickStart-master\06_LayerArchitectureDesign\QS06_StartPoint\entry\src\ohosTest\module.json5
[2025-07-09T22:48:39.608] [DEBUG] debug-file - hvigorfile, binding custom plugins []
[2025-07-09T22:48:39.644] [DEBUG] debug-file - hvigorfile, require result:  { default: { system: [Function: hapTasks], plugins: [] } }
[2025-07-09T22:48:39.678] [DEBUG] debug-file - Target 'default' config: {}
[2025-07-09T22:48:39.698] [DEBUG] debug-file - hvigorfile, binding custom plugins []
[2025-07-09T22:48:39.710] [DEBUG] debug-file - start to load updatedOhPackageInfo to the disk
[2025-07-09T22:48:39.755] [DEBUG] debug-file - clean: Worker pool is inactive.
[2025-07-09T22:48:39.763] [DEBUG] debug-file - runTaskFromQueue task cost before running: 5 s 377 ms 
[2025-07-09T22:48:33.263] [DEBUG] debug-file - env: daemon=false
[2025-07-09T22:48:39.813] [DEBUG] debug-file - Module 'entry' target 'ohosTest' using build option: {
  "debuggable": true,
  "name": "default"
} in this build.
[2025-07-09T22:48:34.435] [DEBUG] debug-file - Cache service initialization finished in 4 ms 
[2025-07-09T22:48:39.849] [DEBUG] debug-file - Create  resident worker with id: 1.
[2025-07-09T22:48:39.407] [DEBUG] debug-file - Product 'default' build option: {}
[2025-07-09T22:48:39.434] [DEBUG] debug-file - No signingConfig found, initRemoteHspCache failed.
[2025-07-09T22:48:39.608] [DEBUG] debug-file - hvigorfile, no custom plugins were found in E:\Code\practice\Harmony\QuickStart-master\QuickStart-master\06_LayerArchitectureDesign\QS06_StartPoint\hvigorfile.ts
[2025-07-09T22:48:39.644] [DEBUG] debug-file - hvigorfile, binding system plugins [Function: hapTasks]
[2025-07-09T22:48:39.679] [DEBUG] debug-file - Target 'ohosTest' config: {}
[2025-07-09T22:48:39.698] [DEBUG] debug-file - hvigorfile, no custom plugins were found in E:\Code\practice\Harmony\QuickStart-master\QuickStart-master\06_LayerArchitectureDesign\QS06_StartPoint\entry\hvigorfile.ts
[2025-07-09T22:48:39.718] [DEBUG] debug-file - load to the disk finished
[2025-07-09T22:48:39.765] [INFO] debug-file - Finished :entry:clean... after 9 ms 
[2025-07-09T22:48:33.264] [DEBUG] debug-file - no-daemon, use the parent process.execArgv --max-old-space-size=8192,--max-semi-space-size=16,--expose-gc
[2025-07-09T22:48:39.838] [DEBUG] debug-file - Since there is no instance or instance is terminated, create a new worker pool.
[2025-07-09T22:48:39.854] [DEBUG] debug-file - Current worker pool is stopped or closed.
[2025-07-09T22:48:39.407] [DEBUG] debug-file - End initialize project's product build option map with build mode 'debug'.
[2025-07-09T22:48:39.608] [DEBUG] debug-file - hvigorfile, resolve finished E:\Code\practice\Harmony\QuickStart-master\QuickStart-master\06_LayerArchitectureDesign\QS06_StartPoint\hvigorfile.ts
[2025-07-09T22:48:39.679] [DEBUG] debug-file - Module 'entry' target 'default' build option: {
  "debuggable": true,
  "copyFrom": "default",
  "name": "debug"
}
[2025-07-09T22:48:39.698] [DEBUG] debug-file - hvigorfile, resolve finished E:\Code\practice\Harmony\QuickStart-master\QuickStart-master\06_LayerArchitectureDesign\QS06_StartPoint\entry\hvigorfile.ts
[2025-07-09T22:48:39.720] [DEBUG] debug-file - Start to initialize dependency information.
[2025-07-09T22:48:39.766] [DEBUG] debug-file - Executing task ::clean
[2025-07-09T22:48:39.838] [DEBUG] debug-file - Worker pool is initialized with config:  {
  minPoolNum: 2,
  maxPoolNum: undefined,
  maxCoreSize: undefined,
  cacheCapacity: undefined,
  cacheTtl: undefined
}
[2025-07-09T22:48:39.854] [DEBUG] debug-file - Clear worker 0.
[2025-07-09T22:48:39.679] [DEBUG] debug-file - Module 'entry' target 'ohosTest' build option: {
  "debuggable": true,
  "name": "default"
}
[2025-07-09T22:48:39.723] [DEBUG] debug-file - Module QS06_StartPoint Collected Dependency: 
[2025-07-09T22:48:39.766] [DEBUG] debug-file - clean: Worker pool is inactive.
[2025-07-09T22:48:39.855] [DEBUG] debug-file - Worker 0 has been cleared.
[2025-07-09T22:48:39.679] [DEBUG] debug-file - End initialize module-target build option map, moduleName=entry
[2025-07-09T22:48:39.724] [DEBUG] debug-file - Module QS06_StartPoint's total dependency: 0
[2025-07-09T22:48:39.767] [DEBUG] debug-file - QS06_StartPoint : clean cost memory 0.03502655029296875
[2025-07-09T22:48:39.855] [DEBUG] debug-file - Current idle worker size: 1.
[2025-07-09T22:48:39.679] [DEBUG] debug-file - Start initialize module-target build option map, moduleName=entry, buildMode=release
[2025-07-09T22:48:39.725] [DEBUG] debug-file - Start to initialize dependency information.
[2025-07-09T22:48:39.767] [DEBUG] debug-file - runTaskFromQueue task cost before running: 5 s 381 ms 
[2025-07-09T22:48:39.855] [DEBUG] debug-file - Current busy worker size: 0.
[2025-07-09T22:48:39.679] [DEBUG] debug-file - Target 'default' config: {}
[2025-07-09T22:48:39.730] [DEBUG] debug-file - Module entry Collected Dependency: 
[2025-07-09T22:48:39.767] [INFO] debug-file - Finished ::clean... after 2 ms 
[2025-07-09T22:48:39.855] [DEBUG] debug-file - Clear worker 1.
[2025-07-09T22:48:39.680] [DEBUG] debug-file - Target 'ohosTest' config: {}
[2025-07-09T22:48:39.730] [DEBUG] debug-file - Module entry's total dependency: 0
[2025-07-09T22:48:39.767] [DEBUG] debug-file - Executing task :entry:init
[2025-07-09T22:48:39.855] [DEBUG] debug-file - Worker 1 has been cleared.
[2025-07-09T22:48:39.680] [DEBUG] debug-file - Module 'entry' target 'default' build option: {
  "debuggable": false,
  "copyFrom": "default",
  "name": "release",
  "arkOptions": {
    "obfuscation": {
      "ruleOptions": {
        "enable": true,
        "files": [
          "./obfuscation-rules.txt"
        ]
      }
    }
  }
}
[2025-07-09T22:48:39.740] [DEBUG] debug-file - Configuration phase cost:5 s 288 ms 
[2025-07-09T22:48:39.768] [DEBUG] debug-file - entry : init cost memory 0.01019287109375
[2025-07-09T22:48:39.855] [DEBUG] debug-file - Current idle worker size: 0.
[2025-07-09T22:48:39.680] [DEBUG] debug-file - Module 'entry' target 'ohosTest' build option: {
  "debuggable": true,
  "name": "default"
}
[2025-07-09T22:48:39.768] [DEBUG] debug-file - runTaskFromQueue task cost before running: 5 s 382 ms 
[2025-07-09T22:48:39.855] [DEBUG] debug-file - Current busy worker size: 0.
[2025-07-09T22:48:39.680] [DEBUG] debug-file - End initialize module-target build option map, moduleName=entry
[2025-07-09T22:48:39.768] [INFO] debug-file - Finished :entry:init... after 1 ms 
[2025-07-09T22:48:39.857] [DEBUG] debug-file - hvigor build process will be closed.
[2025-07-09T22:48:39.680] [DEBUG] debug-file - Start initialize module-target build option map, moduleName=entry, buildMode=debug
[2025-07-09T22:48:39.864] [DEBUG] debug-file - worker[0] exits with exit code 0.
[2025-07-09T22:48:39.681] [DEBUG] debug-file - Target 'default' config: {}
[2025-07-09T22:48:39.768] [DEBUG] debug-file - Executing task ::init
[2025-07-09T22:48:39.868] [DEBUG] debug-file - worker[1] exits with exit code 0.
[2025-07-09T22:48:39.681] [DEBUG] debug-file - Target 'ohosTest' config: {}
[2025-07-09T22:48:39.768] [DEBUG] debug-file - QS06_StartPoint : init cost memory 0.00897216796875
[2025-07-09T22:48:39.870] [DEBUG] debug-file - Current worker pool is terminated.
[2025-07-09T22:48:39.681] [DEBUG] debug-file - Module 'entry' target 'default' build option: {
  "debuggable": true,
  "copyFrom": "default",
  "name": "debug"
}
[2025-07-09T22:48:39.768] [DEBUG] debug-file - runTaskFromQueue task cost before running: 5 s 383 ms 
[2025-07-09T22:48:39.681] [DEBUG] debug-file - Module 'entry' target 'ohosTest' build option: {
  "debuggable": true,
  "name": "default"
}
[2025-07-09T22:48:39.769] [INFO] debug-file - Finished ::init... after 1 ms 
[2025-07-09T22:48:39.681] [DEBUG] debug-file - End initialize module-target build option map, moduleName=entry
[2025-07-09T22:48:39.681] [DEBUG] debug-file - Module 'entry' target 'default' using build option: {
  "debuggable": true,
  "copyFrom": "default",
  "name": "debug"
} in this build.
