[2025-07-10T12:53:23.854] [DEBUG] debug-file - env: nodejsVersion=v18.20.1
[2025-07-10T12:53:25.042] [DEBUG] debug-file - Hvigor init with startParameters:{
  hvigorfileTypeCheck: false,
  parallelExecution: true,
  incrementalExecution: true,
  printStackTrace: false,
  daemon: false,
  analyze: 0,
  logLevel: Level { level: 20000, levelStr: 'INFO', colour: 'green' }
}
[2025-07-10T12:53:25.083] [DEBUG] debug-file - hvigorfile, resolving E:\Code\practice\Harmony\QuickStart-master\QuickStart-master\09_SettingUpComponentNavigation\09_Complete\hvigorfile.ts
[2025-07-10T12:53:29.567] [DEBUG] debug-file - hvigorfile, require result:  { default: { system: [Function: appTasks], plugins: [] } }
[2025-07-10T12:53:29.910] [DEBUG] debug-file - Start initialize project's product build option map with build mode debug.
[2025-07-10T12:53:29.969] [DEBUG] debug-file - Local scan or download HarmonyOS sdk components toolchains,ets,js,native,previewer
[2025-07-10T12:53:29.980] [DEBUG] debug-file - Local scan or download hmscore sdk components toolchains,ets,native
[2025-07-10T12:53:30.000] [DEBUG] debug-file - Start recording SDK configuration permission data.
[2025-07-10T12:53:29.923] [DEBUG] debug-file - Product 'default' using build option: {
  "debuggable": true
} in this build.
[2025-07-10T12:53:30.048] [DEBUG] debug-file - Sdk init in 89 ms 
[2025-07-10T12:53:30.120] [DEBUG] debug-file - Project task initialization takes 69 ms 
[2025-07-10T12:53:30.143] [DEBUG] debug-file - hvigorfile, resolving E:\Code\practice\Harmony\QuickStart-master\QuickStart-master\09_SettingUpComponentNavigation\09_Complete\products\default\hvigorfile.ts
[2025-07-10T12:53:30.193] [DEBUG] debug-file - Start initialize module-target build option map, moduleName=default, buildMode=debug
[2025-07-10T12:53:30.211] [DEBUG] debug-file - Module default task initialization takes 6 ms 
[2025-07-10T12:53:30.319] [DEBUG] debug-file - Start initialize module-target build option map, moduleName=map, buildMode=debug
[2025-07-10T12:53:30.330] [DEBUG] debug-file - Module map task initialization takes 2 ms 
[2025-07-10T12:53:30.232] [DEBUG] debug-file - hvigorfile, resolving E:\Code\practice\Harmony\QuickStart-master\QuickStart-master\09_SettingUpComponentNavigation\09_Complete\features\map\hvigorfile.ts
[2025-07-10T12:53:30.350] [DEBUG] debug-file - hvigorfile, resolving E:\Code\practice\Harmony\QuickStart-master\QuickStart-master\09_SettingUpComponentNavigation\09_Complete\features\learning\hvigorfile.ts
[2025-07-10T12:53:30.376] [DEBUG] debug-file - Start initialize module-target build option map, moduleName=learning, buildMode=debug
[2025-07-10T12:53:30.387] [DEBUG] debug-file - Module learning task initialization takes 1 ms 
[2025-07-10T12:53:30.410] [DEBUG] debug-file - hvigorfile, resolving E:\Code\practice\Harmony\QuickStart-master\QuickStart-master\09_SettingUpComponentNavigation\09_Complete\features\quickstart\hvigorfile.ts
[2025-07-10T12:53:30.437] [DEBUG] debug-file - Start initialize module-target build option map, moduleName=quickstart, buildMode=debug
[2025-07-10T12:53:30.445] [DEBUG] debug-file - Module quickstart task initialization takes 2 ms 
[2025-07-10T12:53:30.465] [DEBUG] debug-file - hvigorfile, resolving E:\Code\practice\Harmony\QuickStart-master\QuickStart-master\09_SettingUpComponentNavigation\09_Complete\commons\utils\hvigorfile.ts
[2025-07-10T12:53:30.487] [DEBUG] debug-file - Start initialize module-target build option map, moduleName=utils, buildMode=debug
[2025-07-10T12:53:30.492] [DEBUG] debug-file - Module utils task initialization takes 1 ms 
[2025-07-10T12:53:30.511] [DEBUG] debug-file - hvigorfile, resolving E:\Code\practice\Harmony\QuickStart-master\QuickStart-master\09_SettingUpComponentNavigation\09_Complete\commons\uicomponents\hvigorfile.ts
[2025-07-10T12:53:30.532] [DEBUG] debug-file - Start initialize module-target build option map, moduleName=uicomponents, buildMode=debug
[2025-07-10T12:53:30.538] [DEBUG] debug-file - Module uicomponents task initialization takes 1 ms 
[2025-07-10T12:53:30.693] [DEBUG] debug-file - Configuration task cost before running: 5 s 735 ms 
[2025-07-10T12:53:30.543] [DEBUG] debug-file - project has submodules:default,map,learning,quickstart,utils,uicomponents
[2025-07-10T12:53:30.706] [DEBUG] debug-file - default : clean cost memory 0.304656982421875
[2025-07-10T12:53:30.699] [DEBUG] debug-file - Executing task :default:clean
[2025-07-10T12:53:30.717] [DEBUG] debug-file - Executing task :map:clean
[2025-07-10T12:53:30.731] [DEBUG] debug-file - Executing task :learning:clean
[2025-07-10T12:53:30.724] [DEBUG] debug-file - map : clean cost memory 0.24274444580078125
[2025-07-10T12:53:30.736] [DEBUG] debug-file - learning : clean cost memory 0.2427215576171875
[2025-07-10T12:53:30.742] [DEBUG] debug-file - Executing task :quickstart:clean
[2025-07-10T12:53:30.747] [DEBUG] debug-file - quickstart : clean cost memory 0.243011474609375
[2025-07-10T12:53:30.754] [DEBUG] debug-file - Executing task :utils:clean
[2025-07-10T12:53:30.759] [DEBUG] debug-file - utils : clean cost memory 0.242584228515625
[2025-07-10T12:53:30.764] [DEBUG] debug-file - Executing task :uicomponents:clean
[2025-07-10T12:53:23.857] [DEBUG] debug-file - env: hvigor-config.json5 content = {
  modelVersion: '5.0.5',
  dependencies: {},
  execution: {},
  logging: {},
  debugging: {},
  nodeOptions: {}
}
[2025-07-10T12:53:30.770] [DEBUG] debug-file - uicomponents : clean cost memory 0.243011474609375
[2025-07-10T12:53:30.807] [DEBUG] debug-file - Module 'default' target 'default' using build option: {
  "debuggable": true,
  "copyFrom": "default",
  "name": "debug"
} in this build.
[2025-07-10T12:53:25.045] [DEBUG] debug-file - Since current hvigor version 5.18.4 differs from last hvigor version 
      undefined, delete file-cache.json and task-cache.json.
[2025-07-10T12:53:30.937] [DEBUG] debug-file - Create  resident worker with id: 0.
[2025-07-10T12:53:29.568] [DEBUG] debug-file - hvigorfile, binding system plugins [Function: appTasks]
[2025-07-10T12:53:29.910] [DEBUG] debug-file - Picking option from product 'default' with build mode 'debug'.
[2025-07-10T12:53:29.925] [DEBUG] debug-file - not found resModel json file in : E:\Code\practice\Harmony\QuickStart-master\QuickStart-master\09_SettingUpComponentNavigation\09_Complete\products\default\src\ohosTest\module.json5
[2025-07-10T12:53:30.120] [DEBUG] debug-file - hvigorfile, binding custom plugins []
[2025-07-10T12:53:30.155] [DEBUG] debug-file - hvigorfile, require result:  { default: { system: [Function: hapTasks], plugins: [] } }
[2025-07-10T12:53:30.194] [DEBUG] debug-file - Target 'default' config: {}
[2025-07-10T12:53:30.211] [DEBUG] debug-file - hvigorfile, binding custom plugins []
[2025-07-10T12:53:30.319] [DEBUG] debug-file - Target 'default' config: {}
[2025-07-10T12:53:30.330] [DEBUG] debug-file - hvigorfile, binding custom plugins []
[2025-07-10T12:53:30.243] [DEBUG] debug-file - hvigorfile, require result:  { default: { system: [Function: harTasks], plugins: [] } }
[2025-07-10T12:53:30.358] [DEBUG] debug-file - hvigorfile, require result:  { default: { system: [Function: harTasks], plugins: [] } }
[2025-07-10T12:53:30.376] [DEBUG] debug-file - Target 'default' config: {}
[2025-07-10T12:53:30.387] [DEBUG] debug-file - hvigorfile, binding custom plugins []
[2025-07-10T12:53:30.421] [DEBUG] debug-file - hvigorfile, require result:  { default: { system: [Function: harTasks], plugins: [] } }
[2025-07-10T12:53:30.437] [DEBUG] debug-file - Target 'default' config: {}
[2025-07-10T12:53:30.445] [DEBUG] debug-file - hvigorfile, binding custom plugins []
[2025-07-10T12:53:30.471] [DEBUG] debug-file - hvigorfile, require result:  { default: { system: [Function: harTasks], plugins: [] } }
[2025-07-10T12:53:30.487] [DEBUG] debug-file - Target 'default' config: {}
[2025-07-10T12:53:30.493] [DEBUG] debug-file - hvigorfile, binding custom plugins []
[2025-07-10T12:53:30.516] [DEBUG] debug-file - hvigorfile, require result:  { default: { system: [Function: harTasks], plugins: [] } }
[2025-07-10T12:53:30.532] [DEBUG] debug-file - Target 'default' config: {}
[2025-07-10T12:53:30.538] [DEBUG] debug-file - hvigorfile, binding custom plugins []
[2025-07-10T12:53:30.544] [DEBUG] debug-file - module:map no need to execute packageHap
[2025-07-10T12:53:30.706] [DEBUG] debug-file - runTaskFromQueue task cost before running: 5 s 749 ms 
[2025-07-10T12:53:30.700] [DEBUG] debug-file - clean: Worker pool is inactive.
[2025-07-10T12:53:30.718] [DEBUG] debug-file - clean: Worker pool is inactive.
[2025-07-10T12:53:30.731] [DEBUG] debug-file - clean: Worker pool is inactive.
[2025-07-10T12:53:30.725] [DEBUG] debug-file - runTaskFromQueue task cost before running: 5 s 767 ms 
[2025-07-10T12:53:30.736] [DEBUG] debug-file - runTaskFromQueue task cost before running: 5 s 779 ms 
[2025-07-10T12:53:30.742] [DEBUG] debug-file - clean: Worker pool is inactive.
[2025-07-10T12:53:30.747] [DEBUG] debug-file - runTaskFromQueue task cost before running: 5 s 790 ms 
[2025-07-10T12:53:30.754] [DEBUG] debug-file - clean: Worker pool is inactive.
[2025-07-10T12:53:30.759] [DEBUG] debug-file - runTaskFromQueue task cost before running: 5 s 802 ms 
[2025-07-10T12:53:30.764] [DEBUG] debug-file - clean: Worker pool is inactive.
[2025-07-10T12:53:23.860] [DEBUG] debug-file - env: daemon=false
[2025-07-10T12:53:30.770] [DEBUG] debug-file - runTaskFromQueue task cost before running: 5 s 813 ms 
[2025-07-10T12:53:30.816] [DEBUG] debug-file - Module 'default' target 'ohosTest' using build option: {
  "debuggable": true,
  "name": "default"
} in this build.
[2025-07-10T12:53:25.046] [DEBUG] debug-file - Cache service initialization finished in 3 ms 
[2025-07-10T12:53:30.943] [DEBUG] debug-file - Create  resident worker with id: 1.
[2025-07-10T12:53:29.911] [DEBUG] debug-file - Product 'default' build option: {}
[2025-07-10T12:53:29.938] [DEBUG] debug-file - not found resModel json file in : E:\Code\practice\Harmony\QuickStart-master\QuickStart-master\09_SettingUpComponentNavigation\09_Complete\features\map\src\ohosTest\module.json5
[2025-07-10T12:53:30.120] [DEBUG] debug-file - hvigorfile, no custom plugins were found in E:\Code\practice\Harmony\QuickStart-master\QuickStart-master\09_SettingUpComponentNavigation\09_Complete\hvigorfile.ts
[2025-07-10T12:53:30.155] [DEBUG] debug-file - hvigorfile, binding system plugins [Function: hapTasks]
[2025-07-10T12:53:30.196] [DEBUG] debug-file - Target 'ohosTest' config: {}
[2025-07-10T12:53:30.211] [DEBUG] debug-file - hvigorfile, no custom plugins were found in E:\Code\practice\Harmony\QuickStart-master\QuickStart-master\09_SettingUpComponentNavigation\09_Complete\products\default\hvigorfile.ts
[2025-07-10T12:53:30.319] [DEBUG] debug-file - Target 'ohosTest' config: {}
[2025-07-10T12:53:30.330] [DEBUG] debug-file - hvigorfile, no custom plugins were found in E:\Code\practice\Harmony\QuickStart-master\QuickStart-master\09_SettingUpComponentNavigation\09_Complete\features\map\hvigorfile.ts
[2025-07-10T12:53:30.244] [DEBUG] debug-file - hvigorfile, binding system plugins [Function: harTasks]
[2025-07-10T12:53:30.358] [DEBUG] debug-file - hvigorfile, binding system plugins [Function: harTasks]
[2025-07-10T12:53:30.376] [DEBUG] debug-file - Target 'ohosTest' config: {}
[2025-07-10T12:53:30.387] [DEBUG] debug-file - hvigorfile, no custom plugins were found in E:\Code\practice\Harmony\QuickStart-master\QuickStart-master\09_SettingUpComponentNavigation\09_Complete\features\learning\hvigorfile.ts
[2025-07-10T12:53:30.422] [DEBUG] debug-file - hvigorfile, binding system plugins [Function: harTasks]
[2025-07-10T12:53:30.438] [DEBUG] debug-file - Target 'ohosTest' config: {}
[2025-07-10T12:53:30.445] [DEBUG] debug-file - hvigorfile, no custom plugins were found in E:\Code\practice\Harmony\QuickStart-master\QuickStart-master\09_SettingUpComponentNavigation\09_Complete\features\quickstart\hvigorfile.ts
[2025-07-10T12:53:30.471] [DEBUG] debug-file - hvigorfile, binding system plugins [Function: harTasks]
[2025-07-10T12:53:30.487] [DEBUG] debug-file - Target 'ohosTest' config: {}
[2025-07-10T12:53:30.493] [DEBUG] debug-file - hvigorfile, no custom plugins were found in E:\Code\practice\Harmony\QuickStart-master\QuickStart-master\09_SettingUpComponentNavigation\09_Complete\commons\utils\hvigorfile.ts
[2025-07-10T12:53:30.517] [DEBUG] debug-file - hvigorfile, binding system plugins [Function: harTasks]
[2025-07-10T12:53:30.538] [DEBUG] debug-file - hvigorfile, no custom plugins were found in E:\Code\practice\Harmony\QuickStart-master\QuickStart-master\09_SettingUpComponentNavigation\09_Complete\commons\uicomponents\hvigorfile.ts
[2025-07-10T12:53:30.532] [DEBUG] debug-file - Target 'ohosTest' config: {}
[2025-07-10T12:53:30.544] [DEBUG] debug-file - module:learning no need to execute packageHap
[2025-07-10T12:53:30.708] [INFO] debug-file - Finished :default:clean... after 8 ms 
[2025-07-10T12:53:30.725] [INFO] debug-file - Finished :map:clean... after 8 ms 
[2025-07-10T12:53:30.737] [INFO] debug-file - Finished :learning:clean... after 6 ms 
[2025-07-10T12:53:30.747] [INFO] debug-file - Finished :quickstart:clean... after 6 ms 
[2025-07-10T12:53:30.759] [INFO] debug-file - Finished :utils:clean... after 6 ms 
[2025-07-10T12:53:23.860] [DEBUG] debug-file - no-daemon, use the parent process.execArgv --max-old-space-size=8192,--max-semi-space-size=16,--expose-gc
[2025-07-10T12:53:30.770] [INFO] debug-file - Finished :uicomponents:clean... after 6 ms 
[2025-07-10T12:53:30.825] [DEBUG] debug-file - Module 'map' target 'default' using build option: {
  "debuggable": true,
  "copyFrom": "default",
  "name": "debug"
} in this build.
[2025-07-10T12:53:30.947] [DEBUG] debug-file - Current worker pool is stopped or closed.
[2025-07-10T12:53:29.911] [DEBUG] debug-file - End initialize project's product build option map with build mode 'debug'.
[2025-07-10T12:53:29.942] [DEBUG] debug-file - not found resModel json file in : E:\Code\practice\Harmony\QuickStart-master\QuickStart-master\09_SettingUpComponentNavigation\09_Complete\features\learning\src\ohosTest\module.json5
[2025-07-10T12:53:30.120] [DEBUG] debug-file - hvigorfile, resolve finished E:\Code\practice\Harmony\QuickStart-master\QuickStart-master\09_SettingUpComponentNavigation\09_Complete\hvigorfile.ts
[2025-07-10T12:53:30.196] [DEBUG] debug-file - Module 'default' target 'default' build option: {
  "debuggable": true,
  "copyFrom": "default",
  "name": "debug"
}
[2025-07-10T12:53:30.211] [DEBUG] debug-file - hvigorfile, resolve finished E:\Code\practice\Harmony\QuickStart-master\QuickStart-master\09_SettingUpComponentNavigation\09_Complete\products\default\hvigorfile.ts
[2025-07-10T12:53:30.320] [DEBUG] debug-file - Module 'map' target 'default' build option: {
  "debuggable": true,
  "copyFrom": "default",
  "name": "debug"
}
[2025-07-10T12:53:30.330] [DEBUG] debug-file - hvigorfile, resolve finished E:\Code\practice\Harmony\QuickStart-master\QuickStart-master\09_SettingUpComponentNavigation\09_Complete\features\map\hvigorfile.ts
[2025-07-10T12:53:30.376] [DEBUG] debug-file - Module 'learning' target 'default' build option: {
  "debuggable": true,
  "copyFrom": "default",
  "name": "debug"
}
[2025-07-10T12:53:30.387] [DEBUG] debug-file - hvigorfile, resolve finished E:\Code\practice\Harmony\QuickStart-master\QuickStart-master\09_SettingUpComponentNavigation\09_Complete\features\learning\hvigorfile.ts
[2025-07-10T12:53:30.438] [DEBUG] debug-file - Module 'quickstart' target 'default' build option: {
  "debuggable": true,
  "copyFrom": "default",
  "name": "debug"
}
[2025-07-10T12:53:30.446] [DEBUG] debug-file - hvigorfile, resolve finished E:\Code\practice\Harmony\QuickStart-master\QuickStart-master\09_SettingUpComponentNavigation\09_Complete\features\quickstart\hvigorfile.ts
[2025-07-10T12:53:30.487] [DEBUG] debug-file - Module 'utils' target 'default' build option: {
  "debuggable": true,
  "copyFrom": "default",
  "name": "debug"
}
[2025-07-10T12:53:30.493] [DEBUG] debug-file - hvigorfile, resolve finished E:\Code\practice\Harmony\QuickStart-master\QuickStart-master\09_SettingUpComponentNavigation\09_Complete\commons\utils\hvigorfile.ts
[2025-07-10T12:53:30.538] [DEBUG] debug-file - hvigorfile, resolve finished E:\Code\practice\Harmony\QuickStart-master\QuickStart-master\09_SettingUpComponentNavigation\09_Complete\commons\uicomponents\hvigorfile.ts
[2025-07-10T12:53:30.533] [DEBUG] debug-file - Module 'uicomponents' target 'default' build option: {
  "debuggable": true,
  "copyFrom": "default",
  "name": "debug"
}
[2025-07-10T12:53:30.544] [DEBUG] debug-file - module:quickstart no need to execute packageHap
[2025-07-10T12:53:30.771] [DEBUG] debug-file - Executing task ::clean
[2025-07-10T12:53:30.833] [DEBUG] debug-file - Module 'map' target 'ohosTest' using build option: {
  "debuggable": true,
  "name": "default"
} in this build.
[2025-07-10T12:53:30.948] [DEBUG] debug-file - Clear worker 0.
[2025-07-10T12:53:29.945] [DEBUG] debug-file - not found resModel json file in : E:\Code\practice\Harmony\QuickStart-master\QuickStart-master\09_SettingUpComponentNavigation\09_Complete\features\quickstart\src\ohosTest\module.json5
[2025-07-10T12:53:30.196] [DEBUG] debug-file - Module 'default' target 'ohosTest' build option: {
  "debuggable": true,
  "name": "default"
}
[2025-07-10T12:53:30.320] [DEBUG] debug-file - Module 'map' target 'ohosTest' build option: {
  "debuggable": true,
  "name": "default"
}
[2025-07-10T12:53:30.376] [DEBUG] debug-file - Module 'learning' target 'ohosTest' build option: {
  "debuggable": true,
  "name": "default"
}
[2025-07-10T12:53:30.438] [DEBUG] debug-file - Module 'quickstart' target 'ohosTest' build option: {
  "debuggable": true,
  "name": "default"
}
[2025-07-10T12:53:30.487] [DEBUG] debug-file - Module 'utils' target 'ohosTest' build option: {
  "debuggable": true,
  "name": "default"
}
[2025-07-10T12:53:30.533] [DEBUG] debug-file - Module 'uicomponents' target 'ohosTest' build option: {
  "debuggable": true,
  "name": "default"
}
[2025-07-10T12:53:30.544] [DEBUG] debug-file - module:utils no need to execute packageHap
[2025-07-10T12:53:30.771] [DEBUG] debug-file - clean: Worker pool is inactive.
[2025-07-10T12:53:30.840] [DEBUG] debug-file - Module 'learning' target 'default' using build option: {
  "debuggable": true,
  "copyFrom": "default",
  "name": "debug"
} in this build.
[2025-07-10T12:53:30.948] [DEBUG] debug-file - Worker 0 has been cleared.
[2025-07-10T12:53:29.949] [DEBUG] debug-file - not found resModel json file in : E:\Code\practice\Harmony\QuickStart-master\QuickStart-master\09_SettingUpComponentNavigation\09_Complete\commons\utils\src\ohosTest\module.json5
[2025-07-10T12:53:30.196] [DEBUG] debug-file - End initialize module-target build option map, moduleName=default
[2025-07-10T12:53:30.320] [DEBUG] debug-file - End initialize module-target build option map, moduleName=map
[2025-07-10T12:53:30.376] [DEBUG] debug-file - End initialize module-target build option map, moduleName=learning
[2025-07-10T12:53:30.438] [DEBUG] debug-file - End initialize module-target build option map, moduleName=quickstart
[2025-07-10T12:53:30.487] [DEBUG] debug-file - End initialize module-target build option map, moduleName=utils
[2025-07-10T12:53:30.533] [DEBUG] debug-file - End initialize module-target build option map, moduleName=uicomponents
[2025-07-10T12:53:30.544] [DEBUG] debug-file - module:uicomponents no need to execute packageHap
[2025-07-10T12:53:30.772] [DEBUG] debug-file - 09_Complete : clean cost memory 0.03276824951171875
[2025-07-10T12:53:30.850] [DEBUG] debug-file - Module 'learning' target 'ohosTest' using build option: {
  "debuggable": true,
  "name": "default"
} in this build.
[2025-07-10T12:53:30.948] [DEBUG] debug-file - Current idle worker size: 1.
[2025-07-10T12:53:29.953] [DEBUG] debug-file - not found resModel json file in : E:\Code\practice\Harmony\QuickStart-master\QuickStart-master\09_SettingUpComponentNavigation\09_Complete\commons\uicomponents\src\ohosTest\module.json5
[2025-07-10T12:53:30.196] [DEBUG] debug-file - Start initialize module-target build option map, moduleName=default, buildMode=release
[2025-07-10T12:53:30.320] [DEBUG] debug-file - Start initialize module-target build option map, moduleName=map, buildMode=release
[2025-07-10T12:53:30.376] [DEBUG] debug-file - Start initialize module-target build option map, moduleName=learning, buildMode=release
[2025-07-10T12:53:30.438] [DEBUG] debug-file - Start initialize module-target build option map, moduleName=quickstart, buildMode=release
[2025-07-10T12:53:30.487] [DEBUG] debug-file - Start initialize module-target build option map, moduleName=utils, buildMode=release
[2025-07-10T12:53:30.533] [DEBUG] debug-file - Start initialize module-target build option map, moduleName=uicomponents, buildMode=release
[2025-07-10T12:53:30.545] [DEBUG] debug-file - start to load updatedOhPackageInfo to the disk
[2025-07-10T12:53:30.772] [DEBUG] debug-file - runTaskFromQueue task cost before running: 5 s 814 ms 
[2025-07-10T12:53:30.860] [DEBUG] debug-file - Module 'quickstart' target 'default' using build option: {
  "debuggable": true,
  "copyFrom": "default",
  "name": "debug"
} in this build.
[2025-07-10T12:53:30.948] [DEBUG] debug-file - Current busy worker size: 0.
[2025-07-10T12:53:29.958] [DEBUG] debug-file - No signingConfig found, initRemoteHspCache failed.
[2025-07-10T12:53:30.196] [DEBUG] debug-file - Target 'default' config: {}
[2025-07-10T12:53:30.320] [DEBUG] debug-file - Target 'default' config: {}
[2025-07-10T12:53:30.376] [DEBUG] debug-file - Target 'default' config: {}
[2025-07-10T12:53:30.438] [DEBUG] debug-file - Target 'default' config: {}
[2025-07-10T12:53:30.487] [DEBUG] debug-file - Target 'default' config: {}
[2025-07-10T12:53:30.533] [DEBUG] debug-file - Target 'default' config: {}
[2025-07-10T12:53:30.562] [DEBUG] debug-file - load to the disk finished
[2025-07-10T12:53:30.772] [INFO] debug-file - Finished ::clean... after 1 ms 
[2025-07-10T12:53:30.867] [DEBUG] debug-file - Module 'quickstart' target 'ohosTest' using build option: {
  "debuggable": true,
  "name": "default"
} in this build.
[2025-07-10T12:53:30.948] [DEBUG] debug-file - Clear worker 1.
[2025-07-10T12:53:30.197] [DEBUG] debug-file - Target 'ohosTest' config: {}
[2025-07-10T12:53:30.321] [DEBUG] debug-file - Target 'ohosTest' config: {}
[2025-07-10T12:53:30.376] [DEBUG] debug-file - Target 'ohosTest' config: {}
[2025-07-10T12:53:30.439] [DEBUG] debug-file - Target 'ohosTest' config: {}
[2025-07-10T12:53:30.487] [DEBUG] debug-file - Target 'ohosTest' config: {}
[2025-07-10T12:53:30.533] [DEBUG] debug-file - Target 'ohosTest' config: {}
[2025-07-10T12:53:30.565] [DEBUG] debug-file - Start to initialize dependency information.
[2025-07-10T12:53:30.772] [DEBUG] debug-file - Executing task :default:init
[2025-07-10T12:53:30.876] [DEBUG] debug-file - Module 'utils' target 'default' using build option: {
  "debuggable": true,
  "copyFrom": "default",
  "name": "debug"
} in this build.
[2025-07-10T12:53:30.949] [DEBUG] debug-file - Worker 1 has been cleared.
[2025-07-10T12:53:30.197] [DEBUG] debug-file - Module 'default' target 'default' build option: {
  "debuggable": false,
  "copyFrom": "default",
  "name": "release",
  "arkOptions": {
    "obfuscation": {
      "ruleOptions": {
        "enable": true,
        "files": [
          "./obfuscation-rules.txt"
        ]
      }
    }
  }
}
[2025-07-10T12:53:30.321] [DEBUG] debug-file - Module 'map' target 'default' build option: {
  "debuggable": false,
  "copyFrom": "default",
  "name": "release",
  "arkOptions": {
    "obfuscation": {
      "ruleOptions": {
        "enable": true,
        "files": [
          "./obfuscation-rules.txt"
        ]
      },
      "consumerFiles": [
        "./consumer-rules.txt"
      ]
    }
  }
}
[2025-07-10T12:53:30.376] [DEBUG] debug-file - Module 'learning' target 'default' build option: {
  "debuggable": false,
  "copyFrom": "default",
  "name": "release",
  "arkOptions": {
    "obfuscation": {
      "ruleOptions": {
        "enable": true,
        "files": [
          "./obfuscation-rules.txt"
        ]
      },
      "consumerFiles": [
        "./consumer-rules.txt"
      ]
    }
  }
}
[2025-07-10T12:53:30.439] [DEBUG] debug-file - Module 'quickstart' target 'default' build option: {
  "debuggable": false,
  "copyFrom": "default",
  "name": "release",
  "arkOptions": {
    "obfuscation": {
      "ruleOptions": {
        "enable": true,
        "files": [
          "./obfuscation-rules.txt"
        ]
      },
      "consumerFiles": [
        "./consumer-rules.txt"
      ]
    }
  }
}
[2025-07-10T12:53:30.487] [DEBUG] debug-file - Module 'utils' target 'default' build option: {
  "debuggable": false,
  "copyFrom": "default",
  "name": "release",
  "arkOptions": {
    "obfuscation": {
      "ruleOptions": {
        "enable": true,
        "files": [
          "./obfuscation-rules.txt"
        ]
      },
      "consumerFiles": [
        "./consumer-rules.txt"
      ]
    }
  }
}
[2025-07-10T12:53:30.533] [DEBUG] debug-file - Module 'uicomponents' target 'default' build option: {
  "debuggable": false,
  "copyFrom": "default",
  "name": "release",
  "arkOptions": {
    "obfuscation": {
      "ruleOptions": {
        "enable": true,
        "files": [
          "./obfuscation-rules.txt"
        ]
      },
      "consumerFiles": [
        "./consumer-rules.txt"
      ]
    }
  }
}
[2025-07-10T12:53:30.569] [DEBUG] debug-file - Module 09_Complete Collected Dependency: 
[2025-07-10T12:53:30.772] [DEBUG] debug-file - default : init cost memory 0.010162353515625
[2025-07-10T12:53:30.884] [DEBUG] debug-file - Module 'utils' target 'ohosTest' using build option: {
  "debuggable": true,
  "name": "default"
} in this build.
[2025-07-10T12:53:30.949] [DEBUG] debug-file - Current idle worker size: 0.
[2025-07-10T12:53:30.197] [DEBUG] debug-file - Module 'default' target 'ohosTest' build option: {
  "debuggable": true,
  "name": "default"
}
[2025-07-10T12:53:30.376] [DEBUG] debug-file - Module 'learning' target 'ohosTest' build option: {
  "debuggable": true,
  "name": "default"
}
[2025-07-10T12:53:30.439] [DEBUG] debug-file - Module 'quickstart' target 'ohosTest' build option: {
  "debuggable": true,
  "name": "default"
}
[2025-07-10T12:53:30.321] [DEBUG] debug-file - Module 'map' target 'ohosTest' build option: {
  "debuggable": true,
  "name": "default"
}
[2025-07-10T12:53:30.487] [DEBUG] debug-file - Module 'utils' target 'ohosTest' build option: {
  "debuggable": true,
  "name": "default"
}
[2025-07-10T12:53:30.569] [DEBUG] debug-file - Module 09_Complete's total dependency: 0
[2025-07-10T12:53:30.533] [DEBUG] debug-file - Module 'uicomponents' target 'ohosTest' build option: {
  "debuggable": true,
  "name": "default"
}
[2025-07-10T12:53:30.772] [DEBUG] debug-file - runTaskFromQueue task cost before running: 5 s 815 ms 
[2025-07-10T12:53:30.893] [DEBUG] debug-file - Module 'uicomponents' target 'default' using build option: {
  "debuggable": true,
  "copyFrom": "default",
  "name": "debug"
} in this build.
[2025-07-10T12:53:30.949] [DEBUG] debug-file - Current busy worker size: 0.
[2025-07-10T12:53:30.197] [DEBUG] debug-file - End initialize module-target build option map, moduleName=default
[2025-07-10T12:53:30.376] [DEBUG] debug-file - End initialize module-target build option map, moduleName=learning
[2025-07-10T12:53:30.439] [DEBUG] debug-file - End initialize module-target build option map, moduleName=quickstart
[2025-07-10T12:53:30.321] [DEBUG] debug-file - End initialize module-target build option map, moduleName=map
[2025-07-10T12:53:30.487] [DEBUG] debug-file - End initialize module-target build option map, moduleName=utils
[2025-07-10T12:53:30.570] [DEBUG] debug-file - Start to initialize dependency information.
[2025-07-10T12:53:30.533] [DEBUG] debug-file - End initialize module-target build option map, moduleName=uicomponents
[2025-07-10T12:53:30.773] [INFO] debug-file - Finished :default:init... after 1 ms 
[2025-07-10T12:53:30.899] [DEBUG] debug-file - Module 'uicomponents' target 'ohosTest' using build option: {
  "debuggable": true,
  "name": "default"
} in this build.
[2025-07-10T12:53:30.951] [DEBUG] debug-file - hvigor build process will be closed.
[2025-07-10T12:53:30.198] [DEBUG] debug-file - Start initialize module-target build option map, moduleName=default, buildMode=debug
[2025-07-10T12:53:30.377] [DEBUG] debug-file - Start initialize module-target build option map, moduleName=learning, buildMode=debug
[2025-07-10T12:53:30.439] [DEBUG] debug-file - Start initialize module-target build option map, moduleName=quickstart, buildMode=debug
[2025-07-10T12:53:30.321] [DEBUG] debug-file - Start initialize module-target build option map, moduleName=map, buildMode=debug
[2025-07-10T12:53:30.487] [DEBUG] debug-file - Start initialize module-target build option map, moduleName=utils, buildMode=debug
[2025-07-10T12:53:30.626] [DEBUG] debug-file - Module default Collected Dependency: E:\Code\practice\Harmony\QuickStart-master\QuickStart-master\09_SettingUpComponentNavigation\09_Complete\features\learning,E:\Code\practice\Harmony\QuickStart-master\QuickStart-master\09_SettingUpComponentNavigation\09_Complete\features\quickstart,E:\Code\practice\Harmony\QuickStart-master\QuickStart-master\09_SettingUpComponentNavigation\09_Complete\features\map,E:\Code\practice\Harmony\QuickStart-master\QuickStart-master\09_SettingUpComponentNavigation\09_Complete\commons\utils,E:\Code\practice\Harmony\QuickStart-master\QuickStart-master\09_SettingUpComponentNavigation\09_Complete\commons\uicomponents
[2025-07-10T12:53:30.533] [DEBUG] debug-file - Start initialize module-target build option map, moduleName=uicomponents, buildMode=debug
[2025-07-10T12:53:30.773] [DEBUG] debug-file - Executing task :map:init
[2025-07-10T12:53:30.930] [DEBUG] debug-file - Since there is no instance or instance is terminated, create a new worker pool.
[2025-07-10T12:53:30.961] [DEBUG] debug-file - worker[0] exits with exit code 0.
[2025-07-10T12:53:30.198] [DEBUG] debug-file - Target 'default' config: {}
[2025-07-10T12:53:30.377] [DEBUG] debug-file - Target 'default' config: {}
[2025-07-10T12:53:30.439] [DEBUG] debug-file - Target 'default' config: {}
[2025-07-10T12:53:30.321] [DEBUG] debug-file - Target 'default' config: {}
[2025-07-10T12:53:30.487] [DEBUG] debug-file - Target 'default' config: {}
[2025-07-10T12:53:30.626] [DEBUG] debug-file - Module default's total dependency: 5
[2025-07-10T12:53:30.533] [DEBUG] debug-file - Target 'default' config: {}
[2025-07-10T12:53:30.773] [DEBUG] debug-file - map : init cost memory 0.0080108642578125
[2025-07-10T12:53:30.930] [DEBUG] debug-file - Worker pool is initialized with config:  {
  minPoolNum: 2,
  maxPoolNum: undefined,
  maxCoreSize: undefined,
  cacheCapacity: undefined,
  cacheTtl: undefined
}
[2025-07-10T12:53:30.962] [DEBUG] debug-file - worker[1] exits with exit code 0.
[2025-07-10T12:53:30.198] [DEBUG] debug-file - Target 'ohosTest' config: {}
[2025-07-10T12:53:30.380] [DEBUG] debug-file - Target 'ohosTest' config: {}
[2025-07-10T12:53:30.439] [DEBUG] debug-file - Target 'ohosTest' config: {}
[2025-07-10T12:53:30.322] [DEBUG] debug-file - Target 'ohosTest' config: {}
[2025-07-10T12:53:30.487] [DEBUG] debug-file - Target 'ohosTest' config: {}
[2025-07-10T12:53:30.635] [DEBUG] debug-file - Start to initialize dependency information.
[2025-07-10T12:53:30.533] [DEBUG] debug-file - Target 'ohosTest' config: {}
[2025-07-10T12:53:30.773] [DEBUG] debug-file - runTaskFromQueue task cost before running: 5 s 815 ms 
[2025-07-10T12:53:30.964] [DEBUG] debug-file - Current worker pool is terminated.
[2025-07-10T12:53:30.198] [DEBUG] debug-file - Module 'default' target 'default' build option: {
  "debuggable": true,
  "copyFrom": "default",
  "name": "debug"
}
[2025-07-10T12:53:30.380] [DEBUG] debug-file - Module 'learning' target 'default' build option: {
  "debuggable": true,
  "copyFrom": "default",
  "name": "debug"
}
[2025-07-10T12:53:30.439] [DEBUG] debug-file - Module 'quickstart' target 'default' build option: {
  "debuggable": true,
  "copyFrom": "default",
  "name": "debug"
}
[2025-07-10T12:53:30.322] [DEBUG] debug-file - Module 'map' target 'default' build option: {
  "debuggable": true,
  "copyFrom": "default",
  "name": "debug"
}
[2025-07-10T12:53:30.487] [DEBUG] debug-file - Module 'utils' target 'default' build option: {
  "debuggable": true,
  "copyFrom": "default",
  "name": "debug"
}
[2025-07-10T12:53:30.640] [DEBUG] debug-file - Module map Collected Dependency: E:\Code\practice\Harmony\QuickStart-master\QuickStart-master\09_SettingUpComponentNavigation\09_Complete\commons\utils,E:\Code\practice\Harmony\QuickStart-master\QuickStart-master\09_SettingUpComponentNavigation\09_Complete\commons\uicomponents
[2025-07-10T12:53:30.533] [DEBUG] debug-file - Module 'uicomponents' target 'default' build option: {
  "debuggable": true,
  "copyFrom": "default",
  "name": "debug"
}
[2025-07-10T12:53:30.773] [INFO] debug-file - Finished :map:init... after 1 ms 
[2025-07-10T12:53:30.198] [DEBUG] debug-file - Module 'default' target 'ohosTest' build option: {
  "debuggable": true,
  "name": "default"
}
[2025-07-10T12:53:30.380] [DEBUG] debug-file - Module 'learning' target 'ohosTest' build option: {
  "debuggable": true,
  "name": "default"
}
[2025-07-10T12:53:30.439] [DEBUG] debug-file - Module 'quickstart' target 'ohosTest' build option: {
  "debuggable": true,
  "name": "default"
}
[2025-07-10T12:53:30.322] [DEBUG] debug-file - Module 'map' target 'ohosTest' build option: {
  "debuggable": true,
  "name": "default"
}
[2025-07-10T12:53:30.487] [DEBUG] debug-file - Module 'utils' target 'ohosTest' build option: {
  "debuggable": true,
  "name": "default"
}
[2025-07-10T12:53:30.640] [DEBUG] debug-file - Module map's total dependency: 2
[2025-07-10T12:53:30.533] [DEBUG] debug-file - Module 'uicomponents' target 'ohosTest' build option: {
  "debuggable": true,
  "name": "default"
}
[2025-07-10T12:53:30.773] [DEBUG] debug-file - Executing task :learning:init
[2025-07-10T12:53:30.198] [DEBUG] debug-file - End initialize module-target build option map, moduleName=default
[2025-07-10T12:53:30.380] [DEBUG] debug-file - End initialize module-target build option map, moduleName=learning
[2025-07-10T12:53:30.439] [DEBUG] debug-file - End initialize module-target build option map, moduleName=quickstart
[2025-07-10T12:53:30.322] [DEBUG] debug-file - End initialize module-target build option map, moduleName=map
[2025-07-10T12:53:30.487] [DEBUG] debug-file - End initialize module-target build option map, moduleName=utils
[2025-07-10T12:53:30.645] [DEBUG] debug-file - Start to initialize dependency information.
[2025-07-10T12:53:30.533] [DEBUG] debug-file - End initialize module-target build option map, moduleName=uicomponents
[2025-07-10T12:53:30.774] [DEBUG] debug-file - learning : init cost memory 0.0080108642578125
[2025-07-10T12:53:30.198] [DEBUG] debug-file - Module 'default' target 'default' using build option: {
  "debuggable": true,
  "copyFrom": "default",
  "name": "debug"
} in this build.
[2025-07-10T12:53:30.380] [DEBUG] debug-file - Module 'learning' target 'default' using build option: {
  "debuggable": true,
  "copyFrom": "default",
  "name": "debug"
} in this build.
[2025-07-10T12:53:30.439] [DEBUG] debug-file - Module 'quickstart' target 'default' using build option: {
  "debuggable": true,
  "copyFrom": "default",
  "name": "debug"
} in this build.
[2025-07-10T12:53:30.322] [DEBUG] debug-file - Module 'map' target 'default' using build option: {
  "debuggable": true,
  "copyFrom": "default",
  "name": "debug"
} in this build.
[2025-07-10T12:53:30.487] [DEBUG] debug-file - Module 'utils' target 'default' using build option: {
  "debuggable": true,
  "copyFrom": "default",
  "name": "debug"
} in this build.
[2025-07-10T12:53:30.649] [DEBUG] debug-file - Module learning Collected Dependency: E:\Code\practice\Harmony\QuickStart-master\QuickStart-master\09_SettingUpComponentNavigation\09_Complete\commons\utils,E:\Code\practice\Harmony\QuickStart-master\QuickStart-master\09_SettingUpComponentNavigation\09_Complete\commons\uicomponents
[2025-07-10T12:53:30.533] [DEBUG] debug-file - Module 'uicomponents' target 'default' using build option: {
  "debuggable": true,
  "copyFrom": "default",
  "name": "debug"
} in this build.
[2025-07-10T12:53:30.774] [DEBUG] debug-file - runTaskFromQueue task cost before running: 5 s 816 ms 
[2025-07-10T12:53:30.649] [DEBUG] debug-file - Module learning's total dependency: 2
[2025-07-10T12:53:30.774] [INFO] debug-file - Finished :learning:init... after 1 ms 
[2025-07-10T12:53:30.653] [DEBUG] debug-file - Start to initialize dependency information.
[2025-07-10T12:53:30.774] [DEBUG] debug-file - Executing task :quickstart:init
[2025-07-10T12:53:30.658] [DEBUG] debug-file - Module quickstart Collected Dependency: E:\Code\practice\Harmony\QuickStart-master\QuickStart-master\09_SettingUpComponentNavigation\09_Complete\commons\utils,E:\Code\practice\Harmony\QuickStart-master\QuickStart-master\09_SettingUpComponentNavigation\09_Complete\commons\uicomponents
[2025-07-10T12:53:30.774] [DEBUG] debug-file - quickstart : init cost memory 0.0080108642578125
[2025-07-10T12:53:30.658] [DEBUG] debug-file - Module quickstart's total dependency: 2
[2025-07-10T12:53:30.774] [DEBUG] debug-file - runTaskFromQueue task cost before running: 5 s 817 ms 
[2025-07-10T12:53:30.663] [DEBUG] debug-file - Start to initialize dependency information.
[2025-07-10T12:53:30.774] [INFO] debug-file - Finished :quickstart:init... after 1 ms 
[2025-07-10T12:53:30.667] [DEBUG] debug-file - Module utils Collected Dependency: 
[2025-07-10T12:53:30.774] [DEBUG] debug-file - Executing task :utils:init
[2025-07-10T12:53:30.667] [DEBUG] debug-file - Module utils's total dependency: 0
[2025-07-10T12:53:30.774] [DEBUG] debug-file - utils : init cost memory 0.0080108642578125
[2025-07-10T12:53:30.671] [DEBUG] debug-file - Start to initialize dependency information.
[2025-07-10T12:53:30.774] [DEBUG] debug-file - runTaskFromQueue task cost before running: 5 s 817 ms 
[2025-07-10T12:53:30.676] [DEBUG] debug-file - Module uicomponents Collected Dependency: 
[2025-07-10T12:53:30.774] [INFO] debug-file - Finished :utils:init... after 1 ms 
[2025-07-10T12:53:30.676] [DEBUG] debug-file - Module uicomponents's total dependency: 0
[2025-07-10T12:53:30.775] [DEBUG] debug-file - Executing task :uicomponents:init
[2025-07-10T12:53:30.679] [DEBUG] debug-file - Configuration phase cost:5 s 618 ms 
[2025-07-10T12:53:30.775] [DEBUG] debug-file - uicomponents : init cost memory 0.0080413818359375
[2025-07-10T12:53:30.775] [DEBUG] debug-file - runTaskFromQueue task cost before running: 5 s 817 ms 
[2025-07-10T12:53:30.775] [INFO] debug-file - Finished :uicomponents:init... after 1 ms 
[2025-07-10T12:53:30.775] [DEBUG] debug-file - Executing task ::init
[2025-07-10T12:53:30.775] [DEBUG] debug-file - 09_Complete : init cost memory 0.00920867919921875
[2025-07-10T12:53:30.775] [DEBUG] debug-file - runTaskFromQueue task cost before running: 5 s 818 ms 
[2025-07-10T12:53:30.775] [INFO] debug-file - Finished ::init... after 1 ms 
